GET / 200 488 - 18.818 ms
GET /login 200 964 - 6.413 ms
POST /api/users 200 130 - 83.141 ms
GET / 304 - - 1.503 ms
GET /login 302 46 - 4.901 ms
GET / 304 - - 2.909 ms
GET /login 200 964 - 4.883 ms
POST /api/users/login 400 59 - 4.980 ms
POST /api/users/login 200 174 - 76.800 ms
GET / 304 - - 1.609 ms
GET / 200 561 - 6.250 ms
GET /login 302 46 - 1.164 ms
GET / 304 - - 4.747 ms
GET /login 302 46 - 1.326 ms
GET / 304 - - 3.529 ms
GET / 304 - - 3.526 ms
GET /login 302 46 - 0.573 ms
GET / 304 - - 2.356 ms
GET / 304 - - 3.233 ms
GET /login 302 46 - 0.818 ms
GET / 304 - - 2.794 ms
GET / 304 - - 3.291 ms
GET /login 302 46 - 0.980 ms
GET / 304 - - 4.029 ms
GET /logn 404 143 - 2.765 ms
GET /login 302 46 - 0.576 ms
GET / 304 - - 2.666 ms
GET / 200 622 - 20.236 ms
GET /login_dona 404 149 - 5.519 ms
GET /login_dona 404 149 - 0.971 ms
GET /login 200 1098 - 5.902 ms
GET /login_dona 404 149 - 0.789 ms
GET /login 200 1397 - 16.600 ms
GET /login_dona 404 149 - 5.061 ms
GET /login_dona 404 149 - 1.322 ms
GET /login_dona 404 149 - 0.986 ms
GET /login 304 - - 6.997 ms
GET /login_dona 404 149 - 0.935 ms
GET / 200 636 - 2.944 ms
GET / 200 650 - 4.456 ms
GET /login_dona 404 149 - 1.042 ms
GET /login 304 - - 5.040 ms
GET / 304 - - 4.022 ms
GET / 304 - - 4.598 ms
GET / 304 - - 2.562 ms
GET / 200 650 - 4.390 ms
GET /login_dona 404 149 - 1.401 ms
GET /login 200 1397 - 5.292 ms
GET /login_dona 404 149 - 0.599 ms
GET / 304 - - 3.046 ms
GET / 304 - - 2.912 ms
GET /login_dona 404 149 - 1.364 ms
GET /login_dona 404 149 - 1.214 ms
GET /login_dona 404 149 - 2.999 ms
GET /login_dona 404 149 - 0.785 ms
GET /login_dona 404 149 - 0.341 ms
GET /login 200 1345 - 8.854 ms
GET / 200 598 - 14.194 ms
GET /favicon.ico 404 150 - 1.218 ms
GET /login 200 1345 - 6.875 ms
GET / 200 598 - 4.364 ms
GET /login_dona 404 149 - 1.331 ms
GET /login_dona 404 149 - 2.550 ms
GET /login 200 1454 - 8.641 ms
GET / 200 598 - 6.788 ms
GET /login 200 1454 - 4.998 ms
GET /login 304 - - 9.576 ms
GET /login 304 - - 6.742 ms
GET /login 304 - - 10.330 ms
GET /login 304 - - 7.228 ms
GET /login 304 - - 4.840 ms
POST /api/Donator 404 151 - 2.187 ms
POST /api/Donator 404 151 - 0.876 ms
GET /login 200 1456 - 14.575 ms
POST /api/Donator 404 151 - 1.858 ms
GET /login 304 - - 6.990 ms
POST /api/Donator 404 151 - 0.345 ms
GET /login 200 1456 - 12.347 ms
POST /api/donators 200 204 - 80.937 ms
GET / 304 - - 1.852 ms
GET / 200 598 - 51.594 ms
GET /favicon.ico 404 150 - 4.454 ms
GET /login 200 1455 - 7.570 ms
GET / 304 - - 4.547 ms
GET /login 304 - - 3.210 ms
GET / 304 - - 3.547 ms
GET /login 304 - - 3.288 ms
POST /api/donators 200 209 - 120.978 ms
GET / 304 - - 4.252 ms
GET /login 302 46 - 2.997 ms
GET / 304 - - 3.890 ms
GET /login 302 46 - 7.731 ms
GET / 304 - - 28.094 ms
GET /login 302 46 - 1.524 ms
GET / 304 - - 4.588 ms
GET /login 302 46 - 1.399 ms
GET / 304 - - 5.854 ms
GET / 304 - - 5.100 ms
GET /login 302 46 - 0.635 ms
GET / 304 - - 5.169 ms
GET /login 302 46 - 1.201 ms
GET / 304 - - 3.658 ms
GET / 200 623 - 5.986 ms
GET /login 302 46 - 0.468 ms
GET / 304 - - 2.517 ms
GET /signup 404 145 - 3.130 ms
GET /signup 404 145 - 0.678 ms
GET /signup 404 145 - 0.520 ms
GET / 200 679 - 6.257 ms
GET /login 302 46 - 0.657 ms
GET / 304 - - 2.718 ms
GET /logout 404 145 - 0.769 ms
GET /login 302 46 - 1.071 ms
GET / 304 - - 2.875 ms
GET / 304 - - 5.370 ms
GET /login 302 46 - 0.548 ms
GET / 304 - - 3.784 ms
GET /logout 404 145 - 0.612 ms
GET /login 302 46 - 1.136 ms
GET / 304 - - 3.113 ms
GET /logout 404 145 - 0.936 ms
GET /logout 404 145 - 0.733 ms
GET /logout 404 145 - 0.868 ms
GET / 304 - - 40.583 ms
GET /logout 404 145 - 4.392 ms
GET /logout 404 145 - 1.232 ms
GET /logout 404 145 - 1.542 ms
GET /logout 404 145 - 1.215 ms
GET /logout 404 145 - 9.661 ms
GET /logout 404 145 - 7.731 ms
GET /logout 404 145 - 2.154 ms
GET /logout 404 145 - 0.923 ms
GET /logout 404 145 - 6.663 ms
GET /logout 404 145 - 2.956 ms
GET /logout 404 145 - 5.669 ms
GET /logout 404 145 - 2.932 ms
GET /logout 404 145 - 8.576 ms
GET /logout 404 145 - 1.493 ms
GET /logout 404 145 - 5.313 ms
GET /logout 404 145 - 1.853 ms
GET /logout 404 145 - 6.647 ms
GET /logout 404 145 - 1.745 ms
GET /logout 404 145 - 7.254 ms
GET /logout 404 145 - 1.705 ms
GET /logout 404 145 - 7.131 ms
GET /logout 404 145 - 2.507 ms
GET / 200 658 - 24.984 ms
GET /login 200 1517 - 4.762 ms
POST /api/donators 200 196 - 114.960 ms
GET / 304 - - 3.347 ms
GET /login 302 46 - 2.543 ms
GET / 304 - - 3.021 ms
GET /login 302 46 - 1.026 ms
GET / 304 - - 3.948 ms
GET / 304 - - 5.495 ms
GET /login 302 46 - 0.892 ms
GET / 304 - - 3.772 ms
GET /logout 404 145 - 0.874 ms
GET /logout 404 145 - 0.643 ms
GET /logout 404 145 - 0.832 ms
GET /logout 404 145 - 0.984 ms
GET / 304 - - 9.684 ms
GET /login 302 46 - 0.767 ms
GET / 304 - - 3.272 ms
GET /login 302 46 - 0.696 ms
GET / 304 - - 4.012 ms
GET /logout 404 145 - 0.734 ms
GET /logout 404 145 - 0.613 ms
GET / 200 658 - 5.077 ms
GET /login 302 46 - 1.224 ms
GET / 304 - - 5.574 ms
GET /login 302 46 - 1.141 ms
GET / 304 - - 2.778 ms
GET / 304 - - 2.350 ms
GET /logout 404 145 - 0.794 ms
GET /login 302 46 - 0.552 ms
GET / 304 - - 2.232 ms
GET /logout 404 145 - 0.596 ms
GET / 304 - - 23.024 ms
GET /login 302 46 - 0.680 ms
GET / 304 - - 2.854 ms
GET /login 302 46 - 1.066 ms
GET / 304 - - 2.734 ms
GET /login 302 46 - 0.561 ms
GET / 200 658 - 2.769 ms
GET / 304 - - 5.308 ms
GET /login 302 46 - 0.610 ms
GET / 304 - - 2.307 ms
GET /logout 404 145 - 6.716 ms
GET /logout 404 145 - 3.001 ms
GET /logout 404 145 - 1.633 ms
GET /logout 404 145 - 2.450 ms
GET /logout 404 145 - 5.963 ms
GET /logout 404 145 - 2.515 ms
GET / 304 - - 36.893 ms
GET /logout 404 145 - 1.597 ms
GET /logout 404 145 - 0.763 ms
GET / 200 765 - 31.179 ms
GET / 200 765 - 7.500 ms
GET / 200 780 - 3.311 ms
GET / 200 795 - 3.878 ms
GET / 200 795 - 21.072 ms
GET /logout 404 145 - 2.914 ms
GET /logout 404 145 - 2.879 ms
GET /logout 404 145 - 0.801 ms
GET / 304 - - 15.284 ms
GET /login 200 1654 - 6.578 ms
GET /login 304 - - 5.422 ms
GET /login 200 1654 - 3.880 ms
GET /login 304 - - 3.134 ms
GET /login 304 - - 4.290 ms
GET / 304 - - 6.199 ms
GET /login 304 - - 2.944 ms
GET /logout 404 145 - 0.807 ms
GET /logout 404 145 - 0.716 ms
GET /login 304 - - 5.701 ms
GET / 304 - - 4.290 ms
GET / 304 - - 5.721 ms
GET /login 304 - - 2.683 ms
GET /logout 404 145 - 0.910 ms
GET / 304 - - 3.219 ms
GET /login 304 - - 3.999 ms
GET / 304 - - 8.797 ms
GET / 200 787 - 4.270 ms
GET /login 200 1646 - 5.003 ms
POST /api/Donator/login 404 157 - 1.558 ms
GET /login 200 1646 - 3.335 ms
POST /api/donators 400 1508 - 112.724 ms
POST /api/donators 400 1508 - 113.411 ms
GET / 200 787 - 2.689 ms
POST /api/Donator/login 404 157 - 1.809 ms
GET /login 302 46 - 3.056 ms
GET / 304 - - 6.261 ms
GET /login 302 46 - 0.990 ms
GET / 304 - - 2.623 ms
GET /login 302 46 - 1.418 ms
GET / 304 - - 2.395 ms
GET /login 302 46 - 0.786 ms
GET / 304 - - 2.451 ms
GET /login 304 - - 3.114 ms
GET /login 200 1646 - 2.355 ms
POST /api/Donator/login 404 157 - 0.762 ms
POST /api/Donator/login 404 157 - 1.548 ms
POST /api/Donator/login 404 157 - 1.112 ms
POST /api/Donator/login 404 157 - 0.641 ms
GET /login - - - - ms
GET /login 200 1646 - 6.042 ms
POST /api/Donator/login 404 157 - 1.495 ms
POST /api/Donator/login 404 157 - 0.989 ms
POST /api/Donator/login 404 157 - 1.445 ms
POST /api/Donator/login 404 157 - 0.913 ms
POST /api/Donator/login 404 157 - 6.142 ms
GET /login 200 1648 - 27.189 ms
GET /logout 404 145 - 3.342 ms
GET /logout 404 145 - 1.170 ms
GET /donators 404 147 - 0.728 ms
GET /login 200 1648 - 10.864 ms
POST /api/Donator/login 404 157 - 1.813 ms
GET /login 200 1649 - 6.120 ms
GET /api/donators 404 151 - 1.094 ms
GET /api/donators/ 404 152 - 1.855 ms
GET / 200 790 - 3.703 ms
GET /api 404 142 - 0.685 ms
POST /api/Donator/login 404 157 - 1.106 ms
GET / 304 - - 4.418 ms
POST /api/Donator/login 404 157 - 0.621 ms
GET /login 200 1649 - 2.775 ms
GET /login 304 - - 4.642 ms
GET /logout 404 145 - 1.293 ms
POST /api/Donator/login 404 157 - 0.819 ms
POST /api/Donator/login 404 157 - 0.681 ms
POST /api/Donator/login 404 157 - 0.570 ms
GET /login 200 1649 - 5.045 ms
GET / 200 790 - 3.954 ms
POST /api/logout 404 150 - 6.633 ms
POST /api/Donator/login 404 157 - 1.099 ms
POST /api/Donator/login 404 157 - 5.216 ms
POST /api/Donator/login 404 157 - 8.928 ms
POST /Donator/login 404 153 - 6.994 ms
GET /login 200 1875 - 30.816 ms
GET /login 304 - - 6.965 ms
GET /login 200 1783 - 5.726 ms
GET / 200 879 - 4.507 ms
GET /login 200 1738 - 4.338 ms
GET /login 200 1738 - 3.391 ms
GET /login 304 - - 3.483 ms
GET / 200 1369 - 34.355 ms
GET /login 304 - - 9.563 ms
GET / 304 - - 4.607 ms
GET / 200 1369 - 8.146 ms
GET / 200 1367 - 5.522 ms
GET / 304 - - 5.706 ms
GET / 304 - - 6.134 ms
GET / 200 1367 - 3.455 ms
GET / 304 - - 6.212 ms
GET / 304 - - 3.386 ms
GET / 304 - - 3.000 ms
GET / 304 - - 3.517 ms
GET / 304 - - 3.221 ms
GET / 304 - - 2.259 ms
GET / 304 - - 3.582 ms
GET / 200 1367 - 2.335 ms
GET / 304 - - 2.995 ms
GET / 200 1377 - 3.006 ms
GET / 304 - - 7.068 ms
GET / 304 - - 3.469 ms
GET / 200 1377 - 3.273 ms
GET / 304 - - 2.709 ms
GET / 304 - - 2.968 ms
GET / 304 - - 2.419 ms
GET / 200 889 - 27.594 ms
GET / 304 - - 6.688 ms
GET / 200 889 - 3.042 ms
GET / 304 - - 15.022 ms
GET /login 200 1748 - 5.364 ms
GET / 304 - - 3.089 ms
GET /logout 404 145 - 2.180 ms
GET /logout 404 145 - 0.810 ms
GET /logout 404 145 - 0.786 ms
GET / 304 - - 5.595 ms
GET /logout 404 145 - 0.604 ms
GET / 200 748 - 4.246 ms
GET / 200 748 - 5.029 ms
GET / 304 - - 5.484 ms
GET /login 304 - - 2.867 ms
GET / 200 778 - 4.326 ms
GET / 200 778 - 2.774 ms
GET / 200 778 - 21.344 ms
GET / 200 778 - 2.348 ms
GET / 200 787 - 10.573 ms
GET /public/css/style.css 404 159 - 1.439 ms
GET / 200 692 - 10.936 ms
GET /public/css/style.css 404 159 - 0.946 ms
GET / 200 561 - 1.857 ms
GET /public/css/style.css 404 159 - 0.379 ms
GET / 304 - - 4.993 ms
GET /public/css/style.css 404 159 - 0.658 ms
GET / 200 553 - 2.044 ms
GET / 200 779 - 5.073 ms
GET / 304 - - 2.139 ms
GET / 304 - - 1.394 ms
GET / 304 - - 5.918 ms
GET / 200 779 - 3.805 ms
GET /favicon.ico 404 150 - 0.732 ms
GET /login 200 1779 - 6.024 ms
GET / 304 - - 1.135 ms
POST /api/donators 200 211 - 78.479 ms
GET / 304 - - 1.828 ms
GET / 304 - - 2.937 ms
GET / 200 749 - 2.096 ms
GET / 200 749 - 1.410 ms
GET / 304 - - 4.739 ms
GET /login 200 1749 - 3.404 ms
GET /login 200 1749 - 2.924 ms
GET /logout 404 145 - 0.891 ms
GET /login 200 1743 - 1.877 ms
GET /login 304 - - 3.828 ms
GET / 200 782 - 3.474 ms
GET /login 200 1782 - 1.267 ms
GET /login 304 - - 3.356 ms
GET /login 304 - - 2.585 ms
POST /api/logout 404 150 - 0.372 ms
GET /login 304 - - 2.299 ms
GET /logout 404 145 - 0.831 ms
GET / 304 - - 2.919 ms
POST /api/logout 404 150 - 0.701 ms
GET / 200 782 - 2.222 ms
POST /api/logout 404 150 - 0.736 ms
GET / 304 - - 2.991 ms
POST /api/logout 404 150 - 0.984 ms
GET /login 304 - - 3.389 ms
GET /login 200 1782 - 2.459 ms
POST /api/donators 400 1433 - 79.453 ms
GET /login 304 - - 2.920 ms
POST /api/donators 200 199 - 87.925 ms
GET / 304 - - 2.936 ms
POST /api/logout 404 150 - 0.518 ms
POST /api/donators 400 1433 - 78.585 ms
GET /login 200 1738 - 2.690 ms
GET /login 304 - - 3.794 ms
GET / 200 738 - 4.114 ms
GET /login 304 - - 1.827 ms
POST /api/Donator/login 404 157 - 1.213 ms
GET / 304 - - 3.329 ms
GET /login 304 - - 3.247 ms
GET /login 302 46 - 2.728 ms
GET / 304 - - 3.575 ms
GET /login 302 46 - 1.714 ms
GET / 304 - - 3.043 ms
GET /login 302 46 - 1.078 ms
GET / 304 - - 3.316 ms
GET /login 302 46 - 1.723 ms
GET / 304 - - 6.759 ms
GET /login 304 - - 3.101 ms
GET /login 302 46 - 0.877 ms
GET / 304 - - 3.244 ms
GET /login 302 46 - 0.514 ms
GET / 304 - - 2.893 ms
GET / 200 738 - 2.746 ms
GET /login 304 - - 1.398 ms
GET / 304 - - 3.612 ms
GET /login 304 - - 4.799 ms
GET / 304 - - 2.577 ms
GET / 304 - - 2.476 ms
GET /login 302 46 - 0.922 ms
GET / 304 - - 3.233 ms
GET /login 304 - - 4.581 ms
GET /login 302 46 - 0.663 ms
GET / 304 - - 2.999 ms
GET / 200 738 - 4.305 ms
GET /favicon.ico 404 150 - 0.625 ms
GET /login 304 - - 4.524 ms
GET /login 302 46 - 0.578 ms
GET / 304 - - 2.425 ms
GET / 304 - - 3.179 ms
GET /login 304 - - 2.840 ms
GET / 304 - - 3.220 ms
GET /login 200 1738 - 3.198 ms
GET /login 304 - - 2.476 ms
GET / 304 - - 2.578 ms
GET /login 304 - - 2.267 ms
POST /api/donators 200 198 - 82.990 ms
GET / 304 - - 2.346 ms
GET / 304 - - 2.910 ms
POST /api/Donator/login 404 157 - 0.829 ms
GET / 200 738 - 4.163 ms
GET /favicon.ico 404 150 - 1.030 ms
GET / 304 - - 1.582 ms
GET / 304 - - 3.632 ms
GET /login 200 1738 - 2.558 ms
POST /api/donators 200 204 - 79.635 ms
GET / 304 - - 2.326 ms
GET / 304 - - 1.177 ms
GET /login 302 46 - 0.874 ms
GET / 304 - - 5.165 ms
GET /login 302 46 - 0.914 ms
GET / 304 - - 2.452 ms
GET / 200 731 - 3.509 ms
GET / 304 - - 4.456 ms
GET /login 302 46 - 0.679 ms
GET / 304 - - 4.165 ms
GET / 304 - - 3.375 ms
GET /login 302 46 - 0.475 ms
GET / 304 - - 3.068 ms
GET / 304 - - 4.199 ms
GET /login 302 46 - 0.676 ms
GET / 304 - - 4.084 ms
POST /api/Donator/login 404 157 - 0.526 ms
GET / 304 - - 3.343 ms
GET /login 200 1647 - 4.826 ms
POST /api/donators 200 193 - 80.521 ms
GET / 304 - - 1.722 ms
GET /login 304 - - 3.924 ms
POST /api/donators 200 193 - 88.496 ms
GET / 304 - - 4.012 ms
GET / 304 - - 11.354 ms
GET / 200 731 - 11.997 ms
GET / 304 - - 10.415 ms
GET /login 200 1647 - 4.446 ms
GET / 304 - - 7.925 ms
GET / 304 - - 8.627 ms
GET /login 304 - - 4.664 ms
POST /api/donators 200 194 - 81.716 ms
GET / 304 - - 2.325 ms
GET / 304 - - 6.236 ms
POST /api/donators 200 200 - 78.806 ms
GET / 304 - - 2.652 ms
GET /login 302 46 - 2.979 ms
GET / 304 - - 7.724 ms
GET /login 302 46 - 1.819 ms
GET / 304 - - 6.068 ms
GET / 304 - - 7.854 ms
GET /login 302 46 - 1.036 ms
GET / 304 - - 6.256 ms
GET /login 200 1647 - 3.783 ms
POST /api/Donator/login 404 157 - 1.623 ms
POST /api/Donator/login 404 157 - 0.729 ms
POST /api/Donator/login 404 157 - 1.121 ms
GET /login 304 - - 10.236 ms
GET /login 304 - - 6.951 ms
GET /login 304 - - 4.101 ms
POST /api/Donator/login 404 157 - 2.097 ms
GET / 200 728 - 17.592 ms
POST /api/logout 404 150 - 1.521 ms
POST /api/Donator/login 404 157 - 1.101 ms
GET / 304 - - 9.693 ms
GET / 304 - - 6.036 ms
POST /api/logout 404 150 - 0.788 ms
GET / 200 731 - 7.292 ms
GET / 304 - - 9.219 ms
GET /login 304 - - 4.729 ms
POST /api/donators 200 195 - 92.059 ms
GET / 200 728 - 2.985 ms
POST /api/logout 404 150 - 1.050 ms
GET / 200 731 - 8.482 ms
GET / 304 - - 2.121 ms
GET / 304 - - 18.117 ms
GET / 304 - - 14.275 ms
GET / 304 - - 25.551 ms
GET /login 304 - - 3.733 ms
GET /login 304 - - 5.940 ms
POST /api/donators 200 195 - 81.590 ms
GET / 200 728 - 4.551 ms
POST /api/donators/logout 204 - - 8.385 ms
GET / 200 731 - 9.637 ms
GET /login 304 - - 3.644 ms
POST /api/donators 400 1486 - 77.676 ms
GET /login 304 - - 9.286 ms
POST /api/donators/login 200 255 - 79.773 ms
GET / 200 728 - 8.772 ms
POST /api/donators/logout 204 - - 4.033 ms
GET / 200 731 - 10.356 ms
GET /login 304 - - 5.375 ms
POST /api/Donator/login 404 157 - 2.116 ms
GET /login 304 - - 3.940 ms
GET /login 304 - - 3.280 ms
GET /login 304 - - 3.601 ms
POST /api/donators/login 200 255 - 66.456 ms
GET / 200 728 - 2.999 ms
GET / 304 - - 3.704 ms
GET /login 304 - - 1.981 ms
POST /api/donators/login 200 238 - 80.528 ms
GET / 200 728 - 2.378 ms
POST /api/donators/logout 204 - - 3.206 ms
GET / 200 731 - 5.056 ms
GET /login 304 - - 3.428 ms
POST /api/donators/login 200 238 - 65.809 ms
GET / 200 728 - 1.666 ms
GET / 500 1806 - 14.603 ms
GET / 500 1806 - 5.353 ms
GET / 500 1806 - 6.354 ms
GET / 500 1806 - 6.060 ms
GET / 200 729 - 18.129 ms
GET / 200 732 - 13.079 ms
GET /login 304 - - 4.704 ms
GET / 200 730 - 10.830 ms
GET / 200 733 - 4.831 ms
GET / 304 - - 8.226 ms
POST /api/donators/logout 204 - - 6.475 ms
GET / 200 733 - 12.802 ms
GET /login 304 - - 7.320 ms
GET /login 304 - - 3.810 ms
GET /login 304 - - 9.571 ms
POST /api/donators/login 200 255 - 75.678 ms
GET / 200 763 - 6.725 ms
GET /login 304 - - 2.107 ms
GET /login 304 - - 3.696 ms
POST /api/donators/login 200 238 - 84.327 ms
GET / 200 759 - 3.784 ms
GET / 200 733 - 8.933 ms
GET /favicon.ico 404 150 - 0.745 ms
GET / 200 771 - 3.419 ms
GET / 304 - - 5.856 ms
GET / 304 - - 12.058 ms
GET / 304 - - 5.968 ms
GET / 304 - - 5.150 ms
GET / 304 - - 5.954 ms
GET / 304 - - 6.175 ms
GET / 304 - - 10.643 ms
GET / 304 - - 5.221 ms
GET / 304 - - 4.895 ms
GET / 304 - - 8.333 ms
GET / 304 - - 4.472 ms
GET / 304 - - 5.369 ms
GET / 304 - - 25.150 ms
GET /foodadd 200 2031 - 18.058 ms
GET /foodadd 200 2052 - 2.537 ms
GET /foodadd 304 - - 4.409 ms
GET /foodadd 500 1725 - 11.249 ms
GET /foodadd 500 1725 - 3.437 ms
GET / 304 - - 21.242 ms
GET /foodadd 500 1725 - 3.100 ms
GET /foodadd 200 2361 - 5.823 ms
GET /foodadd 304 - - 4.117 ms
GET / 304 - - 17.353 ms
GET /foodadd 304 - - 4.816 ms
GET /foodadd 304 - - 2.491 ms
GET /foodadd 304 - - 3.327 ms
GET /foodadd 304 - - 3.211 ms
GET /foodadd 304 - - 3.378 ms
GET /foodadd 304 - - 2.979 ms
GET /foodadd 304 - - 2.586 ms
GET /foodadd 304 - - 3.311 ms
GET /foodadd 304 - - 3.856 ms
GET /foodadd 304 - - 3.465 ms
GET /foodadd 304 - - 4.326 ms
GET /foodadd 304 - - 3.241 ms
GET /foodadd 304 - - 2.959 ms
GET /foodadd 304 - - 1.569 ms
GET /foodadd 304 - - 3.162 ms
GET /foodadd 304 - - 2.494 ms
GET /foodadd 304 - - 2.785 ms
GET /foodadd 304 - - 4.097 ms
GET /foodadd 304 - - 2.668 ms
GET /foodadd 304 - - 2.739 ms
GET /foodadd 304 - - 3.198 ms
GET /foodadd 304 - - 2.633 ms
GET /foodadd 304 - - 2.705 ms
GET /foodadd 304 - - 2.865 ms
GET /foodadd 304 - - 2.640 ms
GET /foodadd 304 - - 2.663 ms
GET /foodadd 304 - - 2.600 ms
GET /foodadd 304 - - 2.564 ms
GET /foodadd 304 - - 3.191 ms
GET /foodadd 304 - - 2.536 ms
GET /foodadd 304 - - 2.766 ms
GET /foodadd 304 - - 2.534 ms
GET /foodadd 304 - - 2.738 ms
GET /foodadd 304 - - 3.185 ms
GET /foodadd 304 - - 2.612 ms
GET /foodadd 304 - - 3.104 ms
GET /foodadd 304 - - 4.196 ms
GET / 304 - - 9.407 ms
GET / 304 - - 6.419 ms
GET / 304 - - 4.932 ms
GET /foodadd 200 2422 - 2.736 ms
GET /foodadd 500 1563 - 8.330 ms
GET /foodadd 500 1563 - 5.037 ms
GET /foodadd 500 1563 - 4.872 ms
GET /foodadd 200 2437 - 9.397 ms
GET /foodadd 304 - - 7.270 ms
GET /foodadd 200 2391 - 9.385 ms
GET /foodadd 304 - - 8.931 ms
GET /foodadd 200 2459 - 2.262 ms
GET /foodadd 304 - - 1.995 ms
GET /foodadd 200 2458 - 2.634 ms
GET /foodadd 500 1563 - 8.940 ms
GET /foodadd 500 1563 - 6.144 ms
GET /foodadd 500 1563 - 3.696 ms
GET /foodadd 500 1563 - 3.586 ms
GET /foodadd 500 1563 - 2.079 ms
GET /foodadd 500 1563 - 3.436 ms
GET /foodadd 500 1563 - 2.699 ms
GET /foodadd 500 1563 - 3.098 ms
GET /foodadd 500 1563 - 2.105 ms
GET /foodadd 500 1563 - 1.687 ms
GET /foodadd 500 1563 - 5.697 ms
GET /foodadd 500 1563 - 4.372 ms
GET /foodadd 500 1563 - 4.604 ms
GET / 304 - - 16.319 ms
GET / 304 - - 2.797 ms
GET / 304 - - 9.948 ms
GET / 304 - - 9.645 ms
GET / 304 - - 3.087 ms
GET /foodadd 500 1563 - 3.063 ms
GET /foodadd 500 1563 - 3.022 ms
GET /foodadd 500 1563 - 3.561 ms
GET /foodadd 500 1563 - 3.403 ms
GET /foodadd 500 1563 - 2.478 ms
GET /foodadd 500 1563 - 1.600 ms
GET /foodadd 500 1563 - 3.494 ms
GET /foodadd 500 1563 - 2.781 ms
GET /foodadd 500 1563 - 1.165 ms
GET /foodadd 500 1563 - 1.350 ms
GET /foodadd 500 1563 - 2.567 ms
GET /foodadd 500 1563 - 3.726 ms
GET /foodadd 200 2455 - 9.652 ms
GET /foodadd 304 - - 6.525 ms
GET /foodadd 200 2459 - 5.462 ms
GET /foodadd 304 - - 6.677 ms
GET /foodadd 304 - - 4.940 ms
GET /foodadd 304 - - 5.352 ms
GET /foodadd 304 - - 5.111 ms
GET /foodadd 304 - - 3.175 ms
GET /foodadd 200 2444 - 4.063 ms
GET /foodadd 304 - - 4.705 ms
GET /foodadd 304 - - 5.132 ms
GET /foodadd 304 - - 3.229 ms
GET /foodadd 304 - - 3.467 ms
GET /foodadd 304 - - 5.981 ms
GET /foodadd 200 2430 - 5.491 ms
GET /foodadd 304 - - 6.730 ms
GET /foodadd 304 - - 5.374 ms
GET /foodadd 200 2231 - 1.380 ms
GET /foodadd 304 - - 3.342 ms
GET /foodadd 200 2244 - 1.645 ms
GET /foodadd 200 2264 - 3.035 ms
GET /foodadd 200 2329 - 1.518 ms
GET /foodadd 200 2372 - 1.738 ms
GET /foodadd 304 - - 1.319 ms
GET /foodadd 200 2387 - 1.778 ms
GET /foodadd 302 56 - 3.764 ms
GET /login 304 - - 7.966 ms
GET /login 304 - - 4.639 ms
GET /login 304 - - 8.398 ms
GET /login 304 - - 5.174 ms
GET /foodadd 302 56 - 3.268 ms
GET /login 304 - - 9.051 ms
GET /foodadd 302 56 - 10.053 ms
GET /login 304 - - 9.688 ms
GET /foodadd 302 56 - 1.875 ms
GET /login 304 - - 7.204 ms
GET /login 304 - - 16.702 ms
GET /login 304 - - 12.851 ms
GET /food%20add 404 149 - 3.030 ms
GET /foodadd 302 56 - 2.941 ms
GET /login 304 - - 9.361 ms
POST /api/donators/login 200 238 - 74.331 ms
GET / 304 - - 9.534 ms
GET /foodadd 200 2247 - 12.622 ms
GET /foodadd 304 - - 9.095 ms
GET /foodadd 304 - - 5.432 ms
GET /foodadd 200 2268 - 8.386 ms
GET /foodadd 304 - - 9.113 ms
GET /foodadd 200 2370 - 3.200 ms
GET /foodadd 304 - - 8.465 ms
GET /foodadd 304 - - 8.508 ms
GET /foodadd 304 - - 7.502 ms
GET /foodadd 304 - - 5.084 ms
GET /foodadd 304 - - 2.210 ms
GET /foodadd 304 - - 6.202 ms
GET /foodadd 304 - - 6.700 ms
GET /foodadd 304 - - 4.695 ms
GET /foodadd 304 - - 4.504 ms
GET / 200 779 - 11.171 ms
GET /foodadd 304 - - 6.730 ms
GET /foodadd 304 - - 8.830 ms
GET /login 302 46 - 2.654 ms
GET / 304 - - 11.790 ms
GET /foodadd 304 - - 6.794 ms
GET /login 302 46 - 1.155 ms
GET / 304 - - 10.311 ms
GET / 304 - - 8.336 ms
GET /foodadd 200 2367 - 17.820 ms
GET /foodadd 200 2412 - 3.189 ms
GET /foodadd 304 - - 5.740 ms
GET /foodadd 200 2400 - 2.199 ms
GET /foodadd 304 - - 6.484 ms
POST /api/foodposting 400 1078 - 6.356 ms
GET /foodadd 200 2423 - 18.734 ms
POST /api/foodpostings 400 1099 - 10.120 ms
GET /foodadd 304 - - 17.859 ms
POST /api/foodpostings 400 1159 - 11.802 ms
GET /foodadd 302 56 - 6.460 ms
GET /login 200 1647 - 10.818 ms
GET /login 304 - - 4.378 ms
GET /login 304 - - 4.667 ms
GET /login 304 - - 3.785 ms
GET /login 304 - - 4.303 ms
GET /login 304 - - 3.468 ms
GET /login 304 - - 3.914 ms
POST /api/donators 200 195 - 77.629 ms
GET / 200 825 - 4.463 ms
GET /loggedInDonator 404 154 - 1.490 ms
GET /dfoodadd 404 147 - 1.707 ms
GET /foodadd 200 2415 - 5.150 ms
POST /api/foodpostings 200 204 - 6.505 ms
GET / 200 817 - 7.948 ms
GET / 200 836 - 24.008 ms
GET /foodadd 200 2434 - 10.379 ms
GET /foodadd 304 - - 7.939 ms
POST /api/foodpostings 200 267 - 6.665 ms
GET / 304 - - 11.459 ms
GET / 304 - - 13.495 ms
GET / 304 - - 9.537 ms
